<?xml version="1.0" encoding="UTF-8"?>
<testng-results skipped="0" failed="0" total="4" passed="4">
  <reporter-output>
  </reporter-output>
  <suite name="Default suite" duration-ms="2321" started-at="2015-02-05T22:59:11Z" finished-at="2015-02-05T22:59:13Z">
    <groups>
    </groups>
    <test name="Default test" duration-ms="2321" started-at="2015-02-05T22:59:11Z" finished-at="2015-02-05T22:59:13Z">
      <class name="gefp.model.dao.UserDaoTest">
        <test-method status="PASS" signature="springTestContextBeforeTestClass()[pri:0, instance:gefp.model.dao.UserDaoTest@18be83e4]" name="springTestContextBeforeTestClass" is-config="true" duration-ms="16" started-at="2015-02-05T14:59:11Z" finished-at="2015-02-05T14:59:11Z">
          <reporter-output>
          </reporter-output>
        </test-method> <!-- springTestContextBeforeTestClass -->
        <test-method status="PASS" signature="springTestContextPrepareTestInstance()[pri:0, instance:gefp.model.dao.UserDaoTest@18be83e4]" name="springTestContextPrepareTestInstance" is-config="true" duration-ms="1899" started-at="2015-02-05T14:59:11Z" depends-on-methods="org.springframework.test.context.testng.AbstractTestNGSpringContextTests.springTestContextBeforeTestClass" finished-at="2015-02-05T14:59:13Z">
          <reporter-output>
          </reporter-output>
        </test-method> <!-- springTestContextPrepareTestInstance -->
        <test-method status="PASS" signature="springTestContextBeforeTestMethod(java.lang.reflect.Method)[pri:0, instance:gefp.model.dao.UserDaoTest@18be83e4]" name="springTestContextBeforeTestMethod" is-config="true" duration-ms="78" started-at="2015-02-05T14:59:13Z" finished-at="2015-02-05T14:59:13Z">
          <params>
            <param index="0">
              <value>
                <![CDATA[public void gefp.model.dao.UserDaoTest.allCheckpoint()]]>
              </value>
            </param>
          </params>
          <reporter-output>
          </reporter-output>
        </test-method> <!-- springTestContextBeforeTestMethod -->
        <test-method status="PASS" signature="allCheckpoint()[pri:0, instance:gefp.model.dao.UserDaoTest@18be83e4]" name="allCheckpoint" duration-ms="250" started-at="2015-02-05T14:59:13Z" finished-at="2015-02-05T14:59:13Z">
          <reporter-output>
          </reporter-output>
        </test-method> <!-- allCheckpoint -->
        <test-method status="PASS" signature="springTestContextAfterTestMethod(java.lang.reflect.Method)[pri:0, instance:gefp.model.dao.UserDaoTest@18be83e4]" name="springTestContextAfterTestMethod" is-config="true" duration-ms="15" started-at="2015-02-05T14:59:13Z" finished-at="2015-02-05T14:59:13Z">
          <params>
            <param index="0">
              <value>
                <![CDATA[public void gefp.model.dao.UserDaoTest.allCheckpoint()]]>
              </value>
            </param>
          </params>
          <reporter-output>
          </reporter-output>
        </test-method> <!-- springTestContextAfterTestMethod -->
        <test-method status="PASS" signature="isUserJdoe1()[pri:0, instance:gefp.model.dao.UserDaoTest@18be83e4]" name="isUserJdoe1" duration-ms="16" started-at="2015-02-05T14:59:13Z" finished-at="2015-02-05T14:59:13Z">
          <reporter-output>
          </reporter-output>
        </test-method> <!-- isUserJdoe1 -->
        <test-method status="PASS" signature="springTestContextBeforeTestMethod(java.lang.reflect.Method)[pri:0, instance:gefp.model.dao.UserDaoTest@18be83e4]" name="springTestContextBeforeTestMethod" is-config="true" duration-ms="0" started-at="2015-02-05T14:59:13Z" finished-at="2015-02-05T14:59:13Z">
          <params>
            <param index="0">
              <value>
                <![CDATA[public void gefp.model.dao.UserDaoTest.isUserJdoe1()]]>
              </value>
            </param>
          </params>
          <reporter-output>
          </reporter-output>
        </test-method> <!-- springTestContextBeforeTestMethod -->
        <test-method status="PASS" signature="isUserJdoe2()[pri:0, instance:gefp.model.dao.UserDaoTest@18be83e4]" name="isUserJdoe2" duration-ms="16" started-at="2015-02-05T14:59:13Z" finished-at="2015-02-05T14:59:13Z">
          <reporter-output>
          </reporter-output>
        </test-method> <!-- isUserJdoe2 -->
        <test-method status="PASS" signature="springTestContextAfterTestMethod(java.lang.reflect.Method)[pri:0, instance:gefp.model.dao.UserDaoTest@18be83e4]" name="springTestContextAfterTestMethod" is-config="true" duration-ms="0" started-at="2015-02-05T14:59:13Z" finished-at="2015-02-05T14:59:13Z">
          <params>
            <param index="0">
              <value>
                <![CDATA[public void gefp.model.dao.UserDaoTest.isUserJdoe1()]]>
              </value>
            </param>
          </params>
          <reporter-output>
          </reporter-output>
        </test-method> <!-- springTestContextAfterTestMethod -->
        <test-method status="PASS" signature="springTestContextBeforeTestMethod(java.lang.reflect.Method)[pri:0, instance:gefp.model.dao.UserDaoTest@18be83e4]" name="springTestContextBeforeTestMethod" is-config="true" duration-ms="0" started-at="2015-02-05T14:59:13Z" finished-at="2015-02-05T14:59:13Z">
          <params>
            <param index="0">
              <value>
                <![CDATA[public void gefp.model.dao.UserDaoTest.isUserJdoe2()]]>
              </value>
            </param>
          </params>
          <reporter-output>
          </reporter-output>
        </test-method> <!-- springTestContextBeforeTestMethod -->
        <test-method status="PASS" signature="springTestContextAfterTestMethod(java.lang.reflect.Method)[pri:0, instance:gefp.model.dao.UserDaoTest@18be83e4]" name="springTestContextAfterTestMethod" is-config="true" duration-ms="0" started-at="2015-02-05T14:59:13Z" finished-at="2015-02-05T14:59:13Z">
          <params>
            <param index="0">
              <value>
                <![CDATA[public void gefp.model.dao.UserDaoTest.isUserJdoe2()]]>
              </value>
            </param>
          </params>
          <reporter-output>
          </reporter-output>
        </test-method> <!-- springTestContextAfterTestMethod -->
        <test-method status="PASS" signature="oneCheckpoint()[pri:0, instance:gefp.model.dao.UserDaoTest@18be83e4]" name="oneCheckpoint" duration-ms="0" started-at="2015-02-05T14:59:13Z" finished-at="2015-02-05T14:59:13Z">
          <reporter-output>
          </reporter-output>
        </test-method> <!-- oneCheckpoint -->
        <test-method status="PASS" signature="springTestContextBeforeTestMethod(java.lang.reflect.Method)[pri:0, instance:gefp.model.dao.UserDaoTest@18be83e4]" name="springTestContextBeforeTestMethod" is-config="true" duration-ms="0" started-at="2015-02-05T14:59:13Z" finished-at="2015-02-05T14:59:13Z">
          <params>
            <param index="0">
              <value>
                <![CDATA[public void gefp.model.dao.UserDaoTest.oneCheckpoint()]]>
              </value>
            </param>
          </params>
          <reporter-output>
          </reporter-output>
        </test-method> <!-- springTestContextBeforeTestMethod -->
        <test-method status="PASS" signature="springTestContextAfterTestMethod(java.lang.reflect.Method)[pri:0, instance:gefp.model.dao.UserDaoTest@18be83e4]" name="springTestContextAfterTestMethod" is-config="true" duration-ms="15" started-at="2015-02-05T14:59:13Z" finished-at="2015-02-05T14:59:13Z">
          <params>
            <param index="0">
              <value>
                <![CDATA[public void gefp.model.dao.UserDaoTest.oneCheckpoint()]]>
              </value>
            </param>
          </params>
          <reporter-output>
          </reporter-output>
        </test-method> <!-- springTestContextAfterTestMethod -->
        <test-method status="PASS" signature="springTestContextAfterTestClass()[pri:0, instance:gefp.model.dao.UserDaoTest@18be83e4]" name="springTestContextAfterTestClass" is-config="true" duration-ms="0" started-at="2015-02-05T14:59:13Z" finished-at="2015-02-05T14:59:13Z">
          <reporter-output>
          </reporter-output>
        </test-method> <!-- springTestContextAfterTestClass -->
      </class> <!-- gefp.model.dao.UserDaoTest -->
    </test> <!-- Default test -->
  </suite> <!-- Default suite -->
</testng-results>
