<?xml version="1.0" encoding="UTF-8"?>
<!-- Generated by org.testng.reporters.JUnitXMLReporter -->
<testsuite hostname="ShreeSai" name="Default test" tests="4" failures="0" timestamp="5 Feb 2015 22:59:13 GMT" time="2.321" errors="0">
  <testcase name="allCheckpoint" time="0.25" classname="gefp.model.dao.UserDaoTest"/>
  <testcase name="isUserJdoe1" time="0.016" classname="gefp.model.dao.UserDaoTest"/>
  <testcase name="isUserJdoe2" time="0.016" classname="gefp.model.dao.UserDaoTest"/>
  <testcase name="oneCheckpoint" time="0.0" classname="gefp.model.dao.UserDaoTest"/>
</testsuite> <!-- Default test -->
